<?xml version="1.0" encoding="UTF-8"?>
<!-- Generated by org.testng.reporters.JUnitReportReporter -->
<testsuite hostname="D1N9BZF2" name="com.stepdefinition.TestRunner1" tests="1" failures="0" timestamp="3 Oct 2017 12:22:21 GMT" time="46.664" errors="0">
  <testcase name="runCukes" time="46.664" classname="com.stepdefinition.TestRunner1"/>
</testsuite> <!-- com.stepdefinition.TestRunner1 -->
